[ 2015-04-07T09:48:17+08:00 ] ::1 /tutor/index.php?debug_host=127.0.0.1%2C192.168.10.237%2C192.168.127.139&debug_fastfile=1&start_debug=1&debug_port=10137&use_remote=1&original_url=http%3A%2F%2Flocalhost%2Ftutor%2Findex.php&send_sess_end=1&debug_stop=1&debug_start_session=1&debug_no_cache=1428371297190&debug_session_id=1000
INFO: [ app_init ] --START--
INFO: Run Behavior\BuildLiteBehavior [ RunTime:0.000026s ]
INFO: [ app_init ] --END-- [ RunTime:0.004056s ]
INFO: [ app_begin ] --START--
INFO: Run Behavior\ReadHtmlCacheBehavior [ RunTime:0.004532s ]
INFO: Run Behavior\CheckLangBehavior [ RunTime:0.006476s ]
INFO: [ app_begin ] --END-- [ RunTime:0.011173s ]
INFO: [ view_parse ] --START--
INFO: Run Behavior\ParseTemplateBehavior [ RunTime:0.002755s ]
INFO: [ view_parse ] --END-- [ RunTime:0.002846s ]
INFO: [ view_filter ] --START--
INFO: Run Behavior\WriteHtmlCacheBehavior [ RunTime:0.003175s ]
INFO: [ view_filter ] --END-- [ RunTime:0.003271s ]
INFO: [ app_end ] --START--
INFO: Run Behavior\ShowPageTraceBehavior [ RunTime:0.003500s ]
INFO: [ app_end ] --END-- [ RunTime:0.003584s ]

[ 2015-04-07T09:48:54+08:00 ] ::1 /tutor/index.php?debug_host=127.0.0.1%2C192.168.10.237%2C192.168.127.139&debug_fastfile=1&start_debug=1&debug_port=10137&use_remote=1&original_url=http%3A%2F%2Flocalhost%2Ftutor%2Findex.php&send_sess_end=1&debug_stop=1&debug_start_session=1&debug_no_cache=1428371297190&debug_session_id=1000
INFO: [ app_init ] --START--
INFO: Run Behavior\BuildLiteBehavior [ RunTime:0.000021s ]
INFO: [ app_init ] --END-- [ RunTime:0.000374s ]
INFO: [ app_begin ] --START--
INFO: Run Behavior\ReadHtmlCacheBehavior [ RunTime:0.000767s ]
INFO: Run Behavior\CheckLangBehavior [ RunTime:0.000998s ]
INFO: [ app_begin ] --END-- [ RunTime:0.001907s ]
INFO: [ view_parse ] --START--
INFO: Run Behavior\ParseTemplateBehavior [ RunTime:0.000440s ]
INFO: [ view_parse ] --END-- [ RunTime:0.000522s ]
INFO: [ view_filter ] --START--
INFO: Run Behavior\WriteHtmlCacheBehavior [ RunTime:0.000400s ]
INFO: [ view_filter ] --END-- [ RunTime:0.000465s ]
INFO: [ app_end ] --START--
INFO: Run Behavior\ShowPageTraceBehavior [ RunTime:0.000667s ]
INFO: [ app_end ] --END-- [ RunTime:0.000741s ]

